<?xml version="1.0" encoding="UTF-8"?>
<!-- Generated by org.testng.reporters.JUnitReportReporter -->
<testsuite hostname="DESKTOP-FIK5SPH" failures="0" tests="2" name="newproject1.DataProvider1" time="18.011" errors="0" timestamp="2024-06-14T01:15:01 PDT" skipped="0">
  <testcase classname="newproject1.DataProvider1" name="data" time="10.299"/>
  <system-out/>
  <testcase classname="newproject1.DataProvider1" name="data" time="7.712"/>
  <system-out/>
</testsuite> <!-- newproject1.DataProvider1 -->
